Vivado Simulator v2024.2.0
Copyright 1986-2022 Xilinx, Inc. All Rights Reserved.
Copyright 2022-2024 Advanced Micro Devices, Inc. All Rights Reserved.
Running: C:/vivado/Vivado/2024.2/bin/unwrapped/win64.o/xelab.exe --incr --debug typical --relax --mt 2 -L xil_defaultlib -L unisims_ver -L unimacro_ver -L secureip --snapshot test_behav xil_defaultlib.test xil_defaultlib.glbl -log elaborate.log 
Using 2 slave threads.
Starting static elaboration
Pass Through NonSizing Optimizer
WARNING: [VRFC 10-3091] actual bit length 8 differs from formal bit length 9 for port 'result' [C:/Users/james/Uni_work/Semester_4/ECE 230L/Lab_9/Lab_9.srcs/sources_1/new/memory_system.v:88]
Completed static elaboration
Starting simulation data flow analysis
Completed simulation data flow analysis
Time Resolution for simulation is 1ps
Compiling module xil_defaultlib.Dlatch
Compiling module xil_defaultlib.enable_demux
Compiling module xil_defaultlib.data_demux
Compiling module xil_defaultlib.byte_mem_default
Compiling module xil_defaultlib.mem_mux
Compiling module xil_defaultlib.memory_system
Compiling module xil_defaultlib.top
Compiling module xil_defaultlib.test
Compiling module xil_defaultlib.glbl
Built simulation snapshot test_behav
